<?xml version="1.0" encoding="UTF-8"?>
<!-- Generated by org.testng.reporters.JUnitXMLReporter -->
<testsuite ignored="0" hostname="DESKTOP-R09BFLF" failures="1" tests="36" name="Test" time="598.149" errors="0" timestamp="2022-12-15T15:58:03 EST">
  <testcase classname="AutomationTest.AddEntry" name="AddressBookAccessAddNewEntryPage" time="1.983"/>
  <testcase classname="AutomationTest.AddEntry" name="AddressBookAccessMainMenuPage" time="1.161"/>
  <testcase classname="AutomationTest.AddEntry" name="AddressBookListAllEntries" time="1.19"/>
  <testcase classname="AutomationTest.AddEntry" name="CheckFieldsAddNewEntryPage" time="1.862"/>
  <testcase classname="AutomationTest.AddEntry" name="TestAddNewEntry" time="5.254"/>
  <testcase classname="AutomationTest.AddEntry" name="TestAddNewEntry" time="5.203"/>
  <testcase classname="AutomationTest.AddEntry" name="TestAddNewEntry" time="5.097"/>
  <testcase classname="AutomationTest.AddEntry" name="TestAddNewEntry" time="5.26"/>
  <testcase classname="AutomationTest.AddEntry" name="TestAddNewEntry" time="5.455"/>
  <testcase classname="AutomationTest.AddEntry" name="TestAddNewEntry" time="5.417"/>
  <testcase classname="AutomationTest.AddEntry" name="TestAddNewEntry" time="5.941"/>
  <testcase classname="AutomationTest.AddEntry" name="TestAddNewEntry" time="6.148"/>
  <testcase classname="AutomationTest.AddEntry" name="TestAddNewEntry" time="6.47"/>
  <testcase classname="AutomationTest.AddEntry" name="TestAddNewEntry" time="5.605"/>
  <testcase classname="AutomationTest.AddEntry" name="TestAddNewEntry" time="5.698"/>
  <testcase classname="AutomationTest.AddEntry" name="TestAddNewEntry" time="5.705"/>
  <testcase classname="AutomationTest.AddEntry" name="TestAddNewEntry" time="5.615"/>
  <testcase classname="AutomationTest.AddEntry" name="TestAddNewEntry" time="5.815"/>
  <testcase classname="AutomationTest.AddEntry" name="TestAddNewEntry" time="6.381"/>
  <testcase classname="AutomationTest.AddEntry" name="TestAddNewEntry" time="5.916"/>
  <testcase classname="AutomationTest.AddEntry" name="TestAddNewEntry" time="7.041"/>
  <testcase classname="AutomationTest.AddEntry" name="TestAddNewEntry" time="8.429"/>
  <testcase classname="AutomationTest.AddEntry" name="TestAddNewEntry" time="21.571"/>
  <testcase classname="AutomationTest.AddEntry" name="TestAddNewEntry" time="11.682"/>
  <testcase classname="AutomationTest.AddEntry" name="TestEmailPhoneWebValidation" time="1.982"/>
  <testcase classname="AutomationTest.AddEntry" name="TestNameFieldsValidation" time="1.689"/>
  <testcase classname="AutomationTest.EditEntry" name="TestCancelButton" time="1.99"/>
  <testcase classname="AutomationTest.EditEntry" name="TestClearButton" time="2.592">
    <failure type="java.lang.AssertionError" message="expected [true] but found [false]">
      <![CDATA[java.lang.AssertionError: expected [true] but found [false]
at AutomationTest.EditEntry.TestClearButton(EditEntry.java:108)
at java.base/java.util.ArrayList.forEach(ArrayList.java:1511)
... Removed 29 stack frames]]>
    </failure>
  </testcase> <!-- TestClearButton -->
  <testcase classname="AutomationTest.EditEntry" name="TestEditContactButton" time="1.268"/>
  <testcase classname="AutomationTest.EditEntry" name="TestEditContactURL" time="2.158"/>
  <testcase classname="AutomationTest.EditEntry" name="TestEditEmailAddressPhoneValidation" time="5.744"/>
  <testcase classname="AutomationTest.EditEntry" name="TestEditFunctionality" time="12.405"/>
  <testcase classname="AutomationTest.EditEntry" name="TestEditNamesValidation" time="6.195"/>
  <testcase classname="AutomationTest.ViewEntry" name="TestDisplayedResults" time="1.972"/>
  <testcase classname="AutomationTest.ViewEntry" name="TestReturnButton" time="2.731"/>
  <testcase classname="AutomationTest.ViewEntry" name="TestViewEntryButton" time="1.928"/>
</testsuite> <!-- Test -->
