<?xml version="1.0" encoding="UTF-8"?>
<!-- Generated by org.testng.reporters.JUnitXMLReporter -->
<testsuite hostname="DESKTOP-R09BFLF" failures="1" tests="36" name="Test" time="784.926" errors="0" timestamp="15 Dec 2022 21:42:46 GMT">
  <testcase classname="AutomationTest.AddEntry" name="AddressBookAccessAddNewEntryPage" time="1.98"/>
  <testcase classname="AutomationTest.AddEntry" name="AddressBookAccessMainMenuPage" time="1.251"/>
  <testcase classname="AutomationTest.AddEntry" name="AddressBookListAllEntries" time="1.296"/>
  <testcase classname="AutomationTest.AddEntry" name="CheckFieldsAddNewEntryPage" time="2.368"/>
  <testcase classname="AutomationTest.AddEntry" name="TestAddNewEntry" time="6.378"/>
  <testcase classname="AutomationTest.AddEntry" name="TestAddNewEntry" time="6.049"/>
  <testcase classname="AutomationTest.AddEntry" name="TestAddNewEntry" time="6.335"/>
  <testcase classname="AutomationTest.AddEntry" name="TestAddNewEntry" time="5.868"/>
  <testcase classname="AutomationTest.AddEntry" name="TestAddNewEntry" time="6.423"/>
  <testcase classname="AutomationTest.AddEntry" name="TestAddNewEntry" time="8.191"/>
  <testcase classname="AutomationTest.AddEntry" name="TestAddNewEntry" time="6.331"/>
  <testcase classname="AutomationTest.AddEntry" name="TestAddNewEntry" time="6.514"/>
  <testcase classname="AutomationTest.AddEntry" name="TestAddNewEntry" time="6.608"/>
  <testcase classname="AutomationTest.AddEntry" name="TestAddNewEntry" time="6.118"/>
  <testcase classname="AutomationTest.AddEntry" name="TestAddNewEntry" time="7.272"/>
  <testcase classname="AutomationTest.AddEntry" name="TestAddNewEntry" time="6.735"/>
  <testcase classname="AutomationTest.AddEntry" name="TestAddNewEntry" time="6.837"/>
  <testcase classname="AutomationTest.AddEntry" name="TestAddNewEntry" time="7.743"/>
  <testcase classname="AutomationTest.AddEntry" name="TestAddNewEntry" time="9.681"/>
  <testcase classname="AutomationTest.AddEntry" name="TestAddNewEntry" time="7.866"/>
  <testcase classname="AutomationTest.AddEntry" name="TestAddNewEntry" time="17.518"/>
  <testcase classname="AutomationTest.AddEntry" name="TestAddNewEntry" time="10.294"/>
  <testcase classname="AutomationTest.AddEntry" name="TestAddNewEntry" time="9.63"/>
  <testcase classname="AutomationTest.AddEntry" name="TestAddNewEntry" time="8.175"/>
  <testcase classname="AutomationTest.AddEntry" name="TestEmailPhoneWebValidation" time="1.652"/>
  <testcase classname="AutomationTest.AddEntry" name="TestNameFieldsValidation" time="2.386"/>
  <testcase classname="AutomationTest.EditEntry" name="TestCancelButton" time="1.949"/>
  <testcase classname="AutomationTest.EditEntry" name="TestClearButton" time="3.327">
    <failure type="java.lang.AssertionError" message="expected [true] but found [false]">
      <![CDATA[java.lang.AssertionError: expected [true] but found [false]
	at AutomationTest.EditEntry.TestClearButton(EditEntry.java:108)
... Removed 32 stack frames]]>
    </failure>
  </testcase> <!-- TestClearButton -->
  <testcase classname="AutomationTest.EditEntry" name="TestEditContactButton" time="1.546"/>
  <testcase classname="AutomationTest.EditEntry" name="TestEditContactURL" time="2.009"/>
  <testcase classname="AutomationTest.EditEntry" name="TestEditEmailAddressPhoneValidation" time="8.628"/>
  <testcase classname="AutomationTest.EditEntry" name="TestEditFunctionality" time="15.72"/>
  <testcase classname="AutomationTest.EditEntry" name="TestEditNamesValidation" time="9.014"/>
  <testcase classname="AutomationTest.ViewEntry" name="TestDisplayedResults" time="2.856"/>
  <testcase classname="AutomationTest.ViewEntry" name="TestReturnButton" time="2.437"/>
  <testcase classname="AutomationTest.ViewEntry" name="TestViewEntryButton" time="2.243"/>
</testsuite> <!-- Test -->
